09-16 20:37:41 replicate_layout.action_replicate_layout 305:Plugin executed on: 'linux'
09-16 20:37:41 replicate_layout.action_replicate_layout 306:Plugin executed with python version: '3.8.2 (default, Jul 16 2020, 14:00:26) \n[GCC 9.3.0]'
09-16 20:37:41 replicate_layout.action_replicate_layout 307:KiCad build version: 5.1.6-c6e7f7d~87~ubuntu20.04.1
09-16 20:37:41 replicate_layout.action_replicate_layout 308:Replicate layout plugin version: 68 started
09-16 20:37:41 replicate_layout.action_replicate_layout 319:wx top level windows: WindowList: [<wx._core.Frame object at 0x7fbda7008ee0>, <wx._core.Frame object at 0x7fbda7008e50>, <wx._core.Frame object at 0x7fbda7008af0>, <wx._core.Frame object at 0x7fbda7008a60>, <wx._core.Frame object at 0x7fbda70089d0>, <wx._core.Frame object at 0x7fbda7008940>, <wx._core.Frame object at 0x7fbda70088b0>]
09-16 20:37:41 replicate_layout.action_replicate_layout 343:Preparing replicator with R128 as a reference
09-16 20:37:41 replicate_layout.replicatelayout 215:getting project hierarchy from schematics
09-16 20:37:41 replicate_layout.replicatelayout 217:Project hierarchy looks like:
{'5F579E5D': ['sheet_two_rows_0', '/home/prostoichelovek/MEGA/school/kicad/cube/sheet_two_rows_0.sch'], '5F6CBB6E': ['sheet_two_rows_1', '/home/prostoichelovek/MEGA/school/kicad/cube/sheet_two_rows_1.sch'], '5F52B18D': ['sheet5F52B18B', '/home/prostoichelovek/MEGA/school/kicad/cube/sheet_two_rows_1.sch'], '5F52B1CF': ['sheet5F52B1CD', '/home/prostoichelovek/MEGA/school/kicad/cube/sheet_two_rows_1.sch']}
09-16 20:37:41 replicate_layout.replicatelayout 225:getting a list of all footprints on board
09-16 20:37:41 replicate_layout.action_replicate_layout 369:source anchor footprint is 'R128'
Located on:['sheet5F52B18B']
With filenames:['sheet_two_rows_1.sch']
With sheet_id:['sheet5F52B18B']
09-16 20:37:41 replicate_layout.action_replicate_layout 374:Corresponding footprints are 
[('R176', ['sheet5F52B1CD']), ('R128', ['sheet5F52B18B']), ('R80', ['sheet_two_rows_1'])]
09-16 20:37:41 replicate_layout.action_replicate_layout 387:Showing dialog
09-16 20:37:41 replicate_layout.action_replicate_layout 391:Pcbnew position: wx.Point(72, 27)
09-16 20:37:41 replicate_layout.action_replicate_layout 397:Display 0: wx.Rect(0, 0, 2560, 1080)
09-16 20:37:41 replicate_layout.action_replicate_layout 401:Toolbar position: wx.Point(2524, 120)
09-16 20:37:41 replicate_layout.action_replicate_layout 408:Dialog position: wx.Point(2211, 120)
09-16 20:37:41 replicate_layout.replicatelayout 249:construcing a list of sheets suitable for replication on level:'sheet5F52B18B', file:'sheet_two_rows_1.sch'
09-16 20:37:41 replicate_layout.replicatelayout 256:Source sheet path up to the level:['sheet5F52B18B']
09-16 20:37:41 replicate_layout.replicatelayout 260:Footprints on the sheets:
['R176', 'R128', 'R80']
09-16 20:37:41 replicate_layout.replicatelayout 263:Footprints raw sheet ids:
['/5F52B1CF/5F52B213', '/5F52B18D/5F52B213', '/5F6CBB6E/5F52B213']
09-16 20:37:41 replicate_layout.replicatelayout 279:All sheets to replicate:
[['sheet5F52B1CD'], ['sheet5F52B18B'], ['sheet_two_rows_1']]
09-16 20:37:41 replicate_layout.replicatelayout 284:All sheets to replicate sorted:
[['sheet5F52B18B'], ['sheet5F52B1CD'], ['sheet_two_rows_1']]
09-16 20:37:41 replicate_layout.replicatelayout 290:All sheets to replicate sorted and without source sheet:
[['sheet5F52B1CD'], ['sheet_two_rows_1']]
09-16 20:37:49 replicate_layout.replicatelayout 249:construcing a list of sheets suitable for replication on level:'sheet5F52B18B', file:'sheet_two_rows_1.sch'
09-16 20:37:49 replicate_layout.replicatelayout 256:Source sheet path up to the level:['sheet5F52B18B']
09-16 20:37:49 replicate_layout.replicatelayout 260:Footprints on the sheets:
['R176', 'R128', 'R80']
09-16 20:37:49 replicate_layout.replicatelayout 263:Footprints raw sheet ids:
['/5F52B1CF/5F52B213', '/5F52B18D/5F52B213', '/5F6CBB6E/5F52B213']
09-16 20:37:49 replicate_layout.replicatelayout 279:All sheets to replicate:
[['sheet5F52B1CD'], ['sheet5F52B18B'], ['sheet_two_rows_1']]
09-16 20:37:49 replicate_layout.replicatelayout 284:All sheets to replicate sorted:
[['sheet5F52B18B'], ['sheet5F52B1CD'], ['sheet_two_rows_1']]
09-16 20:37:49 replicate_layout.replicatelayout 290:All sheets to replicate sorted and without source sheet:
[['sheet5F52B1CD'], ['sheet_two_rows_1']]
09-16 20:37:49 replicate_layout.action_replicate_layout 179:Replicating layout
09-16 20:37:49 replicate_layout.replicatelayout 987:Starting replication of sheets: [['sheet5F52B1CD']]
on level: ['sheet5F52B18B']
with tracks=True, zone=True, text=True, containing=False, remove=False, locked=True
09-16 20:37:49 root 261:updating GUI message: 'Preparing for replication'
09-16 20:37:49 root 266:updating GUI with: 0
09-16 20:37:49 replicate_layout.replicatelayout 556:Getting the list of source footprints
09-16 20:37:49 root 266:updating GUI with: 0
09-16 20:37:49 replicate_layout.replicatelayout 560:Getting the list of all the remaining footprints
09-16 20:37:49 root 266:updating GUI with: 12
09-16 20:37:49 replicate_layout.replicatelayout 564:Getting nets local to source footprints
09-16 20:37:49 root 266:updating GUI with: 25
09-16 20:37:49 replicate_layout.replicatelayout 568:Getting source bounding box
09-16 20:37:49 root 266:updating GUI with: 37
09-16 20:37:49 replicate_layout.replicatelayout 572:Getting source tracks
09-16 20:37:49 root 266:updating GUI with: 50
09-16 20:37:49 replicate_layout.replicatelayout 576:Getting source zones
09-16 20:37:49 root 266:updating GUI with: 62
09-16 20:37:49 replicate_layout.replicatelayout 580:Getting source text items
09-16 20:37:49 replicate_layout.replicatelayout 584:Getting source text items
09-16 20:37:49 root 261:updating GUI message: 'Replicating footprints'
09-16 20:37:49 replicate_layout.replicatelayout 590:Replicating footprints
09-16 20:37:49 replicate_layout.replicatelayout 596:Replicating footprints on sheet ['sheet5F52B1CD']
09-16 20:37:49 root 266:updating GUI with: 14
09-16 20:37:49 root 266:updating GUI with: 32
09-16 20:37:49 root 266:updating GUI with: 51
09-16 20:37:49 root 266:updating GUI with: 71
09-16 20:37:49 root 266:updating GUI with: 97
09-16 20:37:49 root 261:updating GUI message: 'Replicating tracks'
09-16 20:37:49 replicate_layout.replicatelayout 716:Replicating tracks
09-16 20:37:49 replicate_layout.replicatelayout 722:Replicating tracks on sheet ['sheet5F52B1CD']
09-16 20:37:49 root 266:updating GUI with: 0
09-16 20:37:49 root 266:updating GUI with: 76
09-16 20:37:49 root 261:updating GUI message: 'Replicating zones'
09-16 20:37:49 replicate_layout.replicatelayout 767:Replicating zones
09-16 20:37:49 replicate_layout.replicatelayout 774:Replicating zones on sheet ['sheet5F52B1CD']
09-16 20:37:49 root 261:updating GUI message: 'Replicating text'
09-16 20:37:49 root 266:updating GUI with: 0
09-16 20:37:49 replicate_layout.replicatelayout 833:Replicating text
09-16 20:37:49 replicate_layout.replicatelayout 840:Replicating text on sheet ['sheet5F52B1CD']
09-16 20:37:49 root 261:updating GUI message: 'Replicating drawings'
09-16 20:37:49 replicate_layout.replicatelayout 864:Replicating drawings
09-16 20:37:49 replicate_layout.replicatelayout 870:Replicating drawings on sheet ['sheet5F52B1CD']
09-16 20:37:49 replicate_layout.action_replicate_layout 201:Replication complete
